<?xml version="1.0" encoding="UTF-8"?>
<!-- Generated by org.testng.reporters.JUnitReportReporter -->
<testsuite hostname="DESKTOP-S2MRPTD" failures="0" tests="1" name="tests.BaseClass" time="0.007" errors="0" timestamp="2022-11-04T02:46:44 AST" skipped="0">
  <testcase classname="tests.BaseClass" name="test" time="0.007"/>
  <system-out/>
</testsuite> <!-- tests.BaseClass -->
